-outxml
-source
1.6
-target
1.6
-classpath
/home/syamantak/.m2/repository/ac/uk/soton/ecs/sw/semblog.tstore/1.0.0/semblog.tstore-1.0.0.jar:/home/syamantak/.m2/repository/ant/ant/1.6.5/ant-1.6.5.jar:/home/syamantak/.m2/repository/aopalliance/aopalliance/1.0/aopalliance-1.0.jar:/home/syamantak/.m2/repository/com/hp/hpl/jena/arq/2.8.8/arq-2.8.8.jar:/home/syamantak/.m2/repository/com/hp/hpl/jena/iri/0.8/iri-0.8.jar:/home/syamantak/.m2/repository/com/hp/hpl/jena/jena/2.6.4/jena-2.6.4.jar:/home/syamantak/.m2/repository/com/hp/hpl/jena/tdb/0.8.10/tdb-0.8.10.jar:/home/syamantak/.m2/repository/com/ibm/icu/icu4j/3.4.4/icu4j-3.4.4.jar:/home/syamantak/.m2/repository/commons-codec/commons-codec/1.4/commons-codec-1.4.jar:/home/syamantak/.m2/repository/commons-fileupload/commons-fileupload/1.2.2/commons-fileupload-1.2.2.jar:/home/syamantak/.m2/repository/commons-io/commons-io/2.0.1/commons-io-2.0.1.jar:/home/syamantak/.m2/repository/commons-logging/commons-logging/1.1.1/commons-logging-1.1.1.jar:/home/syamantak/.m2/repository/javax/inject/javax.inject/1/javax.inject-1.jar:/home/syamantak/.m2/repository/javax/servlet/servlet-api/2.5/servlet-api-2.5.jar:/home/syamantak/.m2/repository/javax/servlet/jsp/jsp-api/2.1/jsp-api-2.1.jar:/home/syamantak/.m2/repository/javax/servlet/jsp/jstl/jstl-api/1.2/jstl-api-1.2.jar:/home/syamantak/.m2/repository/javax/validation/validation-api/1.0.0.GA/validation-api-1.0.0.GA.jar:/home/syamantak/.m2/repository/jdom/jdom/1.0/jdom-1.0.jar:/home/syamantak/.m2/repository/joda-time/joda-time/1.6.2/joda-time-1.6.2.jar:/home/syamantak/.m2/repository/log4j/log4j/1.2.16/log4j-1.2.16.jar:/home/syamantak/.m2/repository/mysql/mysql-connector-java/5.1.15/mysql-connector-java-5.1.15.jar:/home/syamantak/.m2/repository/net/java/dev/rome/rome/1.0.0/rome-1.0.0.jar:/home/syamantak/.m2/repository/org/apache/httpcomponents/httpclient/4.0.3/httpclient-4.0.3.jar:/home/syamantak/.m2/repository/org/apache/httpcomponents/httpcore/4.0.1/httpcore-4.0.1.jar:/home/syamantak/.m2/repository/org/apache/lucene/lucene-core/3.3.0/lucene-core-3.3.0.jar:/home/syamantak/.m2/repository/org/aspectj/aspectjrt/1.6.10/aspectjrt-1.6.10.jar:/home/syamantak/.m2/repository/org/codehaus/jackson/jackson-core-asl/1.8.1/jackson-core-asl-1.8.1.jar:/home/syamantak/.m2/repository/org/codehaus/jackson/jackson-mapper-asl/1.8.1/jackson-mapper-asl-1.8.1.jar:/home/syamantak/.m2/repository/org/codehaus/woodstox/wstx-asl/3.2.9/wstx-asl-3.2.9.jar:/home/syamantak/.m2/repository/org/eclipse/jdt/core/compiler/ecj/3.5.1/ecj-3.5.1.jar:/home/syamantak/.m2/repository/org/eclipse/jetty/jetty-continuation/7.2.1.v20101111/jetty-continuation-7.2.1.v20101111.jar:/home/syamantak/.m2/repository/org/eclipse/jetty/jetty-http/7.2.1.v20101111/jetty-http-7.2.1.v20101111.jar:/home/syamantak/.m2/repository/org/eclipse/jetty/jetty-io/7.2.1.v20101111/jetty-io-7.2.1.v20101111.jar:/home/syamantak/.m2/repository/org/eclipse/jetty/jetty-jsp-2.1/7.2.1.v20101111/jetty-jsp-2.1-7.2.1.v20101111.jar:/home/syamantak/.m2/repository/org/eclipse/jetty/jetty-security/7.2.1.v20101111/jetty-security-7.2.1.v20101111.jar:/home/syamantak/.m2/repository/org/eclipse/jetty/jetty-server/7.2.1.v20101111/jetty-server-7.2.1.v20101111.jar:/home/syamantak/.m2/repository/org/eclipse/jetty/jetty-servlet/7.2.1.v20101111/jetty-servlet-7.2.1.v20101111.jar:/home/syamantak/.m2/repository/org/eclipse/jetty/jetty-util/7.2.1.v20101111/jetty-util-7.2.1.v20101111.jar:/home/syamantak/.m2/repository/org/eclipse/jetty/jetty-webapp/7.2.1.v20101111/jetty-webapp-7.2.1.v20101111.jar:/home/syamantak/.m2/repository/org/eclipse/jetty/jetty-xml/7.2.1.v20101111/jetty-xml-7.2.1.v20101111.jar:/home/syamantak/.m2/repository/org/glassfish/web/jstl-impl/1.2/jstl-impl-1.2.jar:/home/syamantak/.m2/repository/org/hibernate/hibernate-validator/4.1.0.Final/hibernate-validator-4.1.0.Final.jar:/home/syamantak/.m2/repository/org/mortbay/jetty/jsp-2.1-glassfish/2.1.v20100127/jsp-2.1-glassfish-2.1.v20100127.jar:/home/syamantak/.m2/repository/org/mortbay/jetty/jsp-api-2.1-glassfish/2.1.v20100127/jsp-api-2.1-glassfish-2.1.v20100127.jar:/home/syamantak/.m2/repository/org/openjena/fuseki/0.2.0/fuseki-0.2.0.jar:/home/syamantak/.m2/repository/org/slf4j/jcl-over-slf4j/1.6.1/jcl-over-slf4j-1.6.1.jar:/home/syamantak/.m2/repository/org/slf4j/slf4j-api/1.6.1/slf4j-api-1.6.1.jar:/home/syamantak/.m2/repository/org/slf4j/slf4j-log4j12/1.6.1/slf4j-log4j12-1.6.1.jar:/home/syamantak/.m2/repository/org/springframework/spring-aop/3.1.0.M2/spring-aop-3.1.0.M2.jar:/home/syamantak/.m2/repository/org/springframework/spring-asm/3.1.0.M2/spring-asm-3.1.0.M2.jar:/home/syamantak/.m2/repository/org/springframework/spring-beans/3.1.0.M2/spring-beans-3.1.0.M2.jar:/home/syamantak/.m2/repository/org/springframework/spring-context/3.1.0.M2/spring-context-3.1.0.M2.jar:/home/syamantak/.m2/repository/org/springframework/spring-context-support/3.1.0.M2/spring-context-support-3.1.0.M2.jar:/home/syamantak/.m2/repository/org/springframework/spring-core/3.1.0.M2/spring-core-3.1.0.M2.jar:/home/syamantak/.m2/repository/org/springframework/spring-expression/3.1.0.M2/spring-expression-3.1.0.M2.jar:/home/syamantak/.m2/repository/org/springframework/spring-web/3.1.0.M2/spring-web-3.1.0.M2.jar:/home/syamantak/.m2/repository/org/springframework/spring-webmvc/3.1.0.M2/spring-webmvc-3.1.0.M2.jar:/home/syamantak/.m2/repository/stax/stax-api/1.0.1/stax-api-1.0.1.jar:/home/syamantak/.m2/repository/xerces/xercesImpl/2.7.1/xercesImpl-2.7.1.jar:/home/syamantak/Work/java/semblog/semblogsvc/target/classes
-d
/home/syamantak/Work/java/semblog/semblogsvc/target/classes
/home/syamantak/Work/java/semblog/semblogsvc/src/main/java/ac/uk/soton/ecs/sw/semblogsvc/service/IRelatedPostsService.java
/home/syamantak/Work/java/semblog/semblogsvc/src/main/java/ac/uk/soton/ecs/sw/semblogsvc/convert/MaskFormat.java
/home/syamantak/Work/java/semblog/semblogsvc/src/main/java/ac/uk/soton/ecs/sw/semblogsvc/data/custom/CustomArgumentResolver.java
/home/syamantak/Work/java/semblog/semblogsvc/src/main/java/ac/uk/soton/ecs/sw/semblogsvc/extensions/flash/FlashMapFilter.java
/home/syamantak/Work/java/semblog/semblogsvc/src/main/java/ac/uk/soton/ecs/sw/semblogsvc/data/RelatedPostsBean.java
/home/syamantak/Work/java/semblog/semblogsvc/src/main/java/ac/uk/soton/ecs/sw/semblogsvc/convert/JavaBean.java
/home/syamantak/Work/java/semblog/semblogsvc/src/main/java/ac/uk/soton/ecs/sw/semblogsvc/convert/SocialSecurityNumber.java
/home/syamantak/Work/java/semblog/semblogsvc/src/main/java/ac/uk/soton/ecs/sw/semblogsvc/extensions/ajax/AjaxUtils.java
/home/syamantak/Work/java/semblog/semblogsvc/src/main/java/ac/uk/soton/ecs/sw/semblogsvc/exceptions/ExceptionController.java
/home/syamantak/Work/java/semblog/semblogsvc/src/main/java/ac/uk/soton/ecs/sw/semblogsvc/service/FindRelatedPostsSvc.java
/home/syamantak/Work/java/semblog/semblogsvc/src/main/java/ac/uk/soton/ecs/sw/semblogsvc/ClasslevelMappingController.java
/home/syamantak/Work/java/semblog/semblogsvc/src/main/java/ac/uk/soton/ecs/sw/semblogsvc/data/custom/RequestAttribute.java
/home/syamantak/Work/java/semblog/semblogsvc/src/main/java/ac/uk/soton/ecs/sw/semblogsvc/RelatedPostsController.java
/home/syamantak/Work/java/semblog/semblogsvc/src/main/java/ac/uk/soton/ecs/sw/semblogsvc/convert/NestedBean.java
/home/syamantak/Work/java/semblog/semblogsvc/src/main/java/ac/uk/soton/ecs/sw/semblogsvc/convert/MaskFormatAnnotationFormatterFactory.java
/home/syamantak/Work/java/semblog/semblogsvc/src/main/java/ac/uk/soton/ecs/sw/semblogsvc/SubmitPostsController.java
/home/syamantak/Work/java/semblog/semblogsvc/src/main/java/ac/uk/soton/ecs/sw/semblogsvc/data/custom/CustomArgumentController.java
/home/syamantak/Work/java/semblog/semblogsvc/src/main/java/ac/uk/soton/ecs/sw/semblogsvc/convert/ConvertController.java
/home/syamantak/Work/java/semblog/semblogsvc/src/main/java/ac/uk/soton/ecs/sw/semblogsvc/service/INewPostsService.java
/home/syamantak/Work/java/semblog/semblogsvc/src/main/java/ac/uk/soton/ecs/sw/semblogsvc/dbl/IDbStore.java
/home/syamantak/Work/java/semblog/semblogsvc/src/main/java/ac/uk/soton/ecs/sw/semblogsvc/extensions/flash/FlashMap.java
/home/syamantak/Work/java/semblog/semblogsvc/src/main/java/ac/uk/soton/ecs/sw/semblogsvc/service/SubmitNewPostsSvc.java
/home/syamantak/Work/java/semblog/semblogsvc/src/main/java/ac/uk/soton/ecs/sw/semblogsvc/dbl/JenaDbStore.java
