[INFO] Scanning for projects...
[INFO] ------------------------------------------------------------------------
[INFO] Building semblog.tstore
[INFO]    task-segment: [clean, install]
[INFO] ------------------------------------------------------------------------
[INFO] [clean:clean {execution: default-clean}]
[INFO] Deleting directory /home/syamantak/Work/java/semblog/semblog.tstore/target
[INFO] [jaxb2:generate {execution: default}]
[INFO] [resources:resources {execution: default-resources}]
[INFO] Using 'UTF-8' encoding to copy filtered resources.
[INFO] Copying 4 resources
[INFO] Copying 1 resource
[WARNING] While downloading javax.xml:jaxb-api:2.1
  This artifact has been relocated to javax.xml.bind:jaxb-api:2.1.


[INFO] [compiler:compile {execution: default-compile}]
[INFO] Compiling 75 source files to /home/syamantak/Work/java/semblog/semblog.tstore/target/classes
[INFO] [resources:testResources {execution: default-testResources}]
[INFO] Using 'UTF-8' encoding to copy filtered resources.
[INFO] skip non existing resourceDirectory /home/syamantak/Work/java/semblog/semblog.tstore/src/test/resources
[INFO] [compiler:testCompile {execution: default-testCompile}]
[INFO] Not compiling test sources
[INFO] [surefire:test {execution: default-test}]
[INFO] Tests are skipped.
[INFO] [ejb:ejb {execution: default-ejb}]
[INFO] Building ejb semblog.tstore-1.0.0 with ejbVersion 3.0
[INFO] Building jar: /home/syamantak/Work/java/semblog/semblog.tstore/target/semblog.tstore-1.0.0.jar
[INFO] Preparing exec:java
[WARNING] Removing: java from forked lifecycle, to prevent recursive invocation.
[INFO] No goals needed for project - skipping
[INFO] [exec:java {execution: default}]
